<?xml version="1.0" encoding="UTF-8"?>
<testng-results skipped="0" failed="0" ignored="0" total="1" passed="1">
  <reporter-output>
  </reporter-output>
  <suite name="Suite" duration-ms="20661" started-at="2020-11-20T10:02:57 IST" finished-at="2020-11-20T10:03:18 IST">
    <groups>
    </groups>
    <test name="Test" duration-ms="20661" started-at="2020-11-20T10:02:57 IST" finished-at="2020-11-20T10:03:18 IST">
      <class name="testCases.Login">
        <test-method status="PASS" signature="beforeTest()[pri:0, instance:testCases.Login@6c49835d]" name="beforeTest" is-config="true" duration-ms="20550" started-at="2020-11-20T10:02:57 IST" finished-at="2020-11-20T10:03:18 IST">
          <reporter-output>
          </reporter-output>
        </test-method> <!-- beforeTest -->
        <test-method status="PASS" signature="beforeMethod()[pri:0, instance:testCases.Login@6c49835d]" name="beforeMethod" is-config="true" duration-ms="0" started-at="2020-11-20T10:03:18 IST" finished-at="2020-11-20T10:03:18 IST">
          <reporter-output>
          </reporter-output>
        </test-method> <!-- beforeMethod -->
        <test-method status="PASS" signature="f()[pri:0, instance:testCases.Login@6c49835d]" name="f" duration-ms="11" started-at="2020-11-20T10:03:18 IST" finished-at="2020-11-20T10:03:18 IST">
          <reporter-output>
          </reporter-output>
        </test-method> <!-- f -->
        <test-method status="PASS" signature="afterMethod()[pri:0, instance:testCases.Login@6c49835d]" name="afterMethod" is-config="true" duration-ms="0" started-at="2020-11-20T10:03:18 IST" finished-at="2020-11-20T10:03:18 IST">
          <reporter-output>
          </reporter-output>
        </test-method> <!-- afterMethod -->
        <test-method status="PASS" signature="afterTest()[pri:0, instance:testCases.Login@6c49835d]" name="afterTest" is-config="true" duration-ms="1" started-at="2020-11-20T10:03:18 IST" finished-at="2020-11-20T10:03:18 IST">
          <reporter-output>
          </reporter-output>
        </test-method> <!-- afterTest -->
      </class> <!-- testCases.Login -->
    </test> <!-- Test -->
  </suite> <!-- Suite -->
</testng-results>
